Determining if the include file experimental/mdspan exists failed with the following output:
Change Dir: /home/patrick/tp_matrix_prod/build/CMakeFiles/CMakeScratch/TryCompile-rpBuDR

Run Build Command(s):/usr/bin/gmake -f Makefile cmTC_61413/fast && /usr/bin/gmake  -f CMakeFiles/cmTC_61413.dir/build.make CMakeFiles/cmTC_61413.dir/build
gmake[1] : on entre dans le répertoire « /home/patrick/tp_matrix_prod/build/CMakeFiles/CMakeScratch/TryCompile-rpBuDR »
Building CXX object CMakeFiles/cmTC_61413.dir/CheckIncludeFile.cxx.o
/usr/bin/c++   -std=gnu++17 -o CMakeFiles/cmTC_61413.dir/CheckIncludeFile.cxx.o -c /home/patrick/tp_matrix_prod/build/CMakeFiles/CMakeScratch/TryCompile-rpBuDR/CheckIncludeFile.cxx
/home/patrick/tp_matrix_prod/build/CMakeFiles/CMakeScratch/TryCompile-rpBuDR/CheckIncludeFile.cxx:1:10: fatal error: experimental/mdspan: Aucun fichier ou dossier de ce type
    1 | #include <experimental/mdspan>
      |          ^~~~~~~~~~~~~~~~~~~~~
compilation terminated.
gmake[1]: *** [CMakeFiles/cmTC_61413.dir/build.make:78 : CMakeFiles/cmTC_61413.dir/CheckIncludeFile.cxx.o] Erreur 1
gmake[1] : on quitte le répertoire « /home/patrick/tp_matrix_prod/build/CMakeFiles/CMakeScratch/TryCompile-rpBuDR »
gmake: *** [Makefile:127 : cmTC_61413/fast] Erreur 2



Determining if the include file mdspan exists failed with the following output:
Change Dir: /home/patrick/tp_matrix_prod/build/CMakeFiles/CMakeScratch/TryCompile-DSfZ2x

Run Build Command(s):/usr/bin/gmake -f Makefile cmTC_e5853/fast && /usr/bin/gmake  -f CMakeFiles/cmTC_e5853.dir/build.make CMakeFiles/cmTC_e5853.dir/build
gmake[1] : on entre dans le répertoire « /home/patrick/tp_matrix_prod/build/CMakeFiles/CMakeScratch/TryCompile-DSfZ2x »
Building CXX object CMakeFiles/cmTC_e5853.dir/CheckIncludeFile.cxx.o
/usr/bin/c++   -std=gnu++17 -o CMakeFiles/cmTC_e5853.dir/CheckIncludeFile.cxx.o -c /home/patrick/tp_matrix_prod/build/CMakeFiles/CMakeScratch/TryCompile-DSfZ2x/CheckIncludeFile.cxx
/home/patrick/tp_matrix_prod/build/CMakeFiles/CMakeScratch/TryCompile-DSfZ2x/CheckIncludeFile.cxx:1:10: fatal error: mdspan: Aucun fichier ou dossier de ce type
    1 | #include <mdspan>
      |          ^~~~~~~~
compilation terminated.
gmake[1]: *** [CMakeFiles/cmTC_e5853.dir/build.make:78 : CMakeFiles/cmTC_e5853.dir/CheckIncludeFile.cxx.o] Erreur 1
gmake[1] : on quitte le répertoire « /home/patrick/tp_matrix_prod/build/CMakeFiles/CMakeScratch/TryCompile-DSfZ2x »
gmake: *** [Makefile:127 : cmTC_e5853/fast] Erreur 2



